[2025-02-15T13:15:50.426+0000] {manager.py:483} INFO - Processing files using up to 2 processes at a time 
[2025-02-15T13:15:50.427+0000] {manager.py:484} INFO - Process each file at most once every 30 seconds
[2025-02-15T13:15:50.428+0000] {manager.py:485} INFO - Checking for new files in /opt/airflow/dags every 300 seconds
[2025-02-15T13:15:50.429+0000] {manager.py:821} INFO - Searching for files in /opt/airflow/dags
[2025-02-15T13:15:50.434+0000] {manager.py:824} INFO - There are 0 files in /opt/airflow/dags
[2025-02-15T13:20:51.032+0000] {manager.py:821} INFO - Searching for files in /opt/airflow/dags
[2025-02-15T13:20:51.039+0000] {manager.py:824} INFO - There are 0 files in /opt/airflow/dags
[2025-02-15T13:25:51.451+0000] {manager.py:821} INFO - Searching for files in /opt/airflow/dags
[2025-02-15T13:25:51.467+0000] {manager.py:824} INFO - There are 0 files in /opt/airflow/dags
[2025-02-15T13:30:51.825+0000] {manager.py:821} INFO - Searching for files in /opt/airflow/dags
[2025-02-15T13:30:51.830+0000] {manager.py:824} INFO - There are 0 files in /opt/airflow/dags
[2025-02-15T13:35:52.166+0000] {manager.py:821} INFO - Searching for files in /opt/airflow/dags
[2025-02-15T13:35:52.171+0000] {manager.py:824} INFO - There are 0 files in /opt/airflow/dags
[2025-02-15T13:40:52.472+0000] {manager.py:821} INFO - Searching for files in /opt/airflow/dags
[2025-02-15T13:40:52.482+0000] {manager.py:824} INFO - There are 0 files in /opt/airflow/dags
[2025-02-15T13:45:52.848+0000] {manager.py:821} INFO - Searching for files in /opt/airflow/dags
[2025-02-15T13:45:52.858+0000] {manager.py:824} INFO - There are 0 files in /opt/airflow/dags
[2025-02-15T13:50:53.216+0000] {manager.py:821} INFO - Searching for files in /opt/airflow/dags
[2025-02-15T13:50:53.230+0000] {manager.py:824} INFO - There are 0 files in /opt/airflow/dags
[2025-02-15T13:55:53.666+0000] {manager.py:821} INFO - Searching for files in /opt/airflow/dags
[2025-02-15T13:55:53.680+0000] {manager.py:824} INFO - There are 0 files in /opt/airflow/dags
[2025-02-15T14:00:54.088+0000] {manager.py:821} INFO - Searching for files in /opt/airflow/dags
[2025-02-15T14:00:54.098+0000] {manager.py:824} INFO - There are 0 files in /opt/airflow/dags
[2025-02-15T14:05:54.549+0000] {manager.py:821} INFO - Searching for files in /opt/airflow/dags
[2025-02-15T14:05:54.562+0000] {manager.py:824} INFO - There are 0 files in /opt/airflow/dags
[2025-02-15T14:10:54.932+0000] {manager.py:821} INFO - Searching for files in /opt/airflow/dags
[2025-02-15T14:10:54.938+0000] {manager.py:824} INFO - There are 0 files in /opt/airflow/dags
[2025-02-15T14:15:55.264+0000] {manager.py:821} INFO - Searching for files in /opt/airflow/dags
[2025-02-15T14:15:55.273+0000] {manager.py:824} INFO - There are 0 files in /opt/airflow/dags
[2025-02-15T14:20:55.651+0000] {manager.py:821} INFO - Searching for files in /opt/airflow/dags
[2025-02-15T14:20:55.664+0000] {manager.py:824} INFO - There are 0 files in /opt/airflow/dags
[2025-02-15T14:25:56.039+0000] {manager.py:821} INFO - Searching for files in /opt/airflow/dags
[2025-02-15T14:25:56.044+0000] {manager.py:824} INFO - There are 0 files in /opt/airflow/dags
[2025-02-15T14:30:56.313+0000] {manager.py:821} INFO - Searching for files in /opt/airflow/dags
[2025-02-15T14:30:56.319+0000] {manager.py:824} INFO - There are 0 files in /opt/airflow/dags
[2025-02-15T14:35:56.704+0000] {manager.py:821} INFO - Searching for files in /opt/airflow/dags
[2025-02-15T14:35:56.712+0000] {manager.py:824} INFO - There are 0 files in /opt/airflow/dags
[2025-02-15T15:11:28.665+0000] {manager.py:821} INFO - Searching for files in /opt/airflow/dags
[2025-02-15T15:11:29.011+0000] {manager.py:824} INFO - There are 0 files in /opt/airflow/dags
[2025-02-15T15:16:28.869+0000] {manager.py:821} INFO - Searching for files in /opt/airflow/dags
[2025-02-15T15:16:28.882+0000] {manager.py:824} INFO - There are 0 files in /opt/airflow/dags
[2025-02-15T15:21:29.391+0000] {manager.py:821} INFO - Searching for files in /opt/airflow/dags
[2025-02-15T15:21:29.397+0000] {manager.py:824} INFO - There are 0 files in /opt/airflow/dags
[2025-02-15T15:26:29.948+0000] {manager.py:821} INFO - Searching for files in /opt/airflow/dags
[2025-02-15T15:26:29.958+0000] {manager.py:824} INFO - There are 0 files in /opt/airflow/dags
[2025-02-15T15:31:30.585+0000] {manager.py:821} INFO - Searching for files in /opt/airflow/dags
[2025-02-15T15:31:30.599+0000] {manager.py:824} INFO - There are 0 files in /opt/airflow/dags
[2025-02-15T15:36:31.174+0000] {manager.py:821} INFO - Searching for files in /opt/airflow/dags
[2025-02-15T15:36:31.182+0000] {manager.py:824} INFO - There are 0 files in /opt/airflow/dags
[2025-02-15T15:41:31.627+0000] {manager.py:821} INFO - Searching for files in /opt/airflow/dags
[2025-02-15T15:41:31.634+0000] {manager.py:824} INFO - There are 0 files in /opt/airflow/dags
[2025-02-15T15:46:32.024+0000] {manager.py:821} INFO - Searching for files in /opt/airflow/dags
[2025-02-15T15:46:32.030+0000] {manager.py:824} INFO - There are 0 files in /opt/airflow/dags
[2025-02-15T15:51:32.548+0000] {manager.py:821} INFO - Searching for files in /opt/airflow/dags
[2025-02-15T15:51:32.558+0000] {manager.py:824} INFO - There are 0 files in /opt/airflow/dags
[2025-02-15T15:56:33.125+0000] {manager.py:821} INFO - Searching for files in /opt/airflow/dags
[2025-02-15T15:56:33.132+0000] {manager.py:824} INFO - There are 0 files in /opt/airflow/dags
[2025-02-15T16:01:33.563+0000] {manager.py:821} INFO - Searching for files in /opt/airflow/dags
[2025-02-15T16:01:33.574+0000] {manager.py:824} INFO - There are 0 files in /opt/airflow/dags
[2025-02-15T16:06:34.042+0000] {manager.py:821} INFO - Searching for files in /opt/airflow/dags
[2025-02-15T16:06:34.050+0000] {manager.py:824} INFO - There are 0 files in /opt/airflow/dags
[2025-02-15T16:11:34.654+0000] {manager.py:821} INFO - Searching for files in /opt/airflow/dags
[2025-02-15T16:11:34.665+0000] {manager.py:824} INFO - There are 0 files in /opt/airflow/dags
[2025-02-15T16:16:35.331+0000] {manager.py:821} INFO - Searching for files in /opt/airflow/dags
[2025-02-15T16:16:35.340+0000] {manager.py:824} INFO - There are 0 files in /opt/airflow/dags
[2025-02-15T16:21:36.062+0000] {manager.py:821} INFO - Searching for files in /opt/airflow/dags
[2025-02-15T16:21:36.072+0000] {manager.py:824} INFO - There are 0 files in /opt/airflow/dags
[2025-02-15T16:26:36.772+0000] {manager.py:821} INFO - Searching for files in /opt/airflow/dags
[2025-02-15T16:26:36.784+0000] {manager.py:824} INFO - There are 0 files in /opt/airflow/dags
[2025-02-15T16:31:37.480+0000] {manager.py:821} INFO - Searching for files in /opt/airflow/dags
[2025-02-15T16:31:37.490+0000] {manager.py:824} INFO - There are 0 files in /opt/airflow/dags
[2025-02-15T16:36:38.121+0000] {manager.py:821} INFO - Searching for files in /opt/airflow/dags
[2025-02-15T16:36:38.127+0000] {manager.py:824} INFO - There are 0 files in /opt/airflow/dags
[2025-02-15T16:41:38.418+0000] {manager.py:821} INFO - Searching for files in /opt/airflow/dags
[2025-02-15T16:41:38.425+0000] {manager.py:824} INFO - There are 0 files in /opt/airflow/dags
[2025-02-15T16:46:38.820+0000] {manager.py:821} INFO - Searching for files in /opt/airflow/dags
[2025-02-15T16:46:38.825+0000] {manager.py:824} INFO - There are 0 files in /opt/airflow/dags
[2025-02-15T16:51:39.149+0000] {manager.py:821} INFO - Searching for files in /opt/airflow/dags
[2025-02-15T16:51:39.159+0000] {manager.py:824} INFO - There are 0 files in /opt/airflow/dags
[2025-02-15T16:56:39.405+0000] {manager.py:821} INFO - Searching for files in /opt/airflow/dags
[2025-02-15T16:56:39.411+0000] {manager.py:824} INFO - There are 0 files in /opt/airflow/dags
[2025-02-15T17:01:39.615+0000] {manager.py:821} INFO - Searching for files in /opt/airflow/dags
[2025-02-15T17:01:39.624+0000] {manager.py:824} INFO - There are 0 files in /opt/airflow/dags
[2025-02-15T17:06:39.944+0000] {manager.py:821} INFO - Searching for files in /opt/airflow/dags
[2025-02-15T17:06:39.954+0000] {manager.py:824} INFO - There are 0 files in /opt/airflow/dags
[2025-02-15T17:11:40.307+0000] {manager.py:821} INFO - Searching for files in /opt/airflow/dags
[2025-02-15T17:11:40.313+0000] {manager.py:824} INFO - There are 0 files in /opt/airflow/dags
[2025-02-15T17:16:40.635+0000] {manager.py:821} INFO - Searching for files in /opt/airflow/dags
[2025-02-15T17:16:40.644+0000] {manager.py:824} INFO - There are 0 files in /opt/airflow/dags
[2025-02-15T17:21:41.016+0000] {manager.py:821} INFO - Searching for files in /opt/airflow/dags
[2025-02-15T17:21:41.025+0000] {manager.py:824} INFO - There are 0 files in /opt/airflow/dags
[2025-02-15T17:26:41.805+0000] {manager.py:821} INFO - Searching for files in /opt/airflow/dags
[2025-02-15T17:26:41.811+0000] {manager.py:824} INFO - There are 0 files in /opt/airflow/dags
[2025-02-15T17:31:42.743+0000] {manager.py:821} INFO - Searching for files in /opt/airflow/dags
[2025-02-15T17:31:42.749+0000] {manager.py:824} INFO - There are 0 files in /opt/airflow/dags
[2025-02-15T17:36:43.199+0000] {manager.py:821} INFO - Searching for files in /opt/airflow/dags
[2025-02-15T17:36:43.216+0000] {manager.py:824} INFO - There are 0 files in /opt/airflow/dags
[2025-02-15T19:10:44.592+0000] {manager.py:483} INFO - Processing files using up to 2 processes at a time 
[2025-02-15T19:10:44.594+0000] {manager.py:484} INFO - Process each file at most once every 30 seconds
[2025-02-15T19:10:44.595+0000] {manager.py:485} INFO - Checking for new files in /opt/airflow/dags every 300 seconds
[2025-02-15T19:10:44.596+0000] {manager.py:821} INFO - Searching for files in /opt/airflow/dags
[2025-02-15T19:10:44.601+0000] {manager.py:824} INFO - There are 0 files in /opt/airflow/dags
[2025-02-15T19:15:44.659+0000] {manager.py:821} INFO - Searching for files in /opt/airflow/dags
[2025-02-15T19:15:44.668+0000] {manager.py:824} INFO - There are 0 files in /opt/airflow/dags
[2025-02-15T19:20:44.741+0000] {manager.py:821} INFO - Searching for files in /opt/airflow/dags
[2025-02-15T19:20:44.748+0000] {manager.py:824} INFO - There are 0 files in /opt/airflow/dags
[2025-02-15T19:25:44.810+0000] {manager.py:821} INFO - Searching for files in /opt/airflow/dags
[2025-02-15T19:25:44.817+0000] {manager.py:824} INFO - There are 0 files in /opt/airflow/dags
[2025-02-15T19:30:44.897+0000] {manager.py:821} INFO - Searching for files in /opt/airflow/dags
[2025-02-15T19:30:44.903+0000] {manager.py:824} INFO - There are 0 files in /opt/airflow/dags
[2025-02-15T19:35:45.656+0000] {manager.py:821} INFO - Searching for files in /opt/airflow/dags
[2025-02-15T19:35:45.662+0000] {manager.py:824} INFO - There are 0 files in /opt/airflow/dags
[2025-02-15T19:40:45.744+0000] {manager.py:821} INFO - Searching for files in /opt/airflow/dags
[2025-02-15T19:40:45.752+0000] {manager.py:824} INFO - There are 0 files in /opt/airflow/dags
[2025-02-15T19:45:45.859+0000] {manager.py:821} INFO - Searching for files in /opt/airflow/dags
[2025-02-15T19:45:45.867+0000] {manager.py:824} INFO - There are 0 files in /opt/airflow/dags
[2025-02-15T19:50:45.932+0000] {manager.py:821} INFO - Searching for files in /opt/airflow/dags
[2025-02-15T19:50:45.938+0000] {manager.py:824} INFO - There are 0 files in /opt/airflow/dags
[2025-02-15T19:55:46.068+0000] {manager.py:821} INFO - Searching for files in /opt/airflow/dags
[2025-02-15T19:55:46.076+0000] {manager.py:824} INFO - There are 0 files in /opt/airflow/dags
[2025-02-15T20:00:46.191+0000] {manager.py:821} INFO - Searching for files in /opt/airflow/dags
[2025-02-15T20:00:46.201+0000] {manager.py:824} INFO - There are 0 files in /opt/airflow/dags
[2025-02-16T03:54:22.763+0000] {manager.py:483} INFO - Processing files using up to 2 processes at a time 
[2025-02-16T03:54:22.765+0000] {manager.py:484} INFO - Process each file at most once every 30 seconds
[2025-02-16T03:54:22.766+0000] {manager.py:485} INFO - Checking for new files in /opt/airflow/dags every 300 seconds
[2025-02-16T03:54:22.767+0000] {manager.py:821} INFO - Searching for files in /opt/airflow/dags
[2025-02-16T03:54:22.773+0000] {manager.py:824} INFO - There are 0 files in /opt/airflow/dags
[2025-02-16T03:59:22.836+0000] {manager.py:821} INFO - Searching for files in /opt/airflow/dags
[2025-02-16T03:59:22.842+0000] {manager.py:824} INFO - There are 0 files in /opt/airflow/dags
[2025-02-16T04:04:22.913+0000] {manager.py:821} INFO - Searching for files in /opt/airflow/dags
[2025-02-16T04:04:22.919+0000] {manager.py:824} INFO - There are 0 files in /opt/airflow/dags
[2025-02-16T04:09:22.971+0000] {manager.py:821} INFO - Searching for files in /opt/airflow/dags
[2025-02-16T04:09:22.977+0000] {manager.py:824} INFO - There are 0 files in /opt/airflow/dags
[2025-02-16T04:14:23.023+0000] {manager.py:821} INFO - Searching for files in /opt/airflow/dags
[2025-02-16T04:14:23.030+0000] {manager.py:824} INFO - There are 0 files in /opt/airflow/dags
[2025-02-16T04:19:23.190+0000] {manager.py:821} INFO - Searching for files in /opt/airflow/dags
[2025-02-16T04:19:23.197+0000] {manager.py:824} INFO - There are 0 files in /opt/airflow/dags
[2025-02-16T04:24:23.365+0000] {manager.py:821} INFO - Searching for files in /opt/airflow/dags
[2025-02-16T04:24:23.373+0000] {manager.py:824} INFO - There are 0 files in /opt/airflow/dags
[2025-02-16T04:29:23.564+0000] {manager.py:821} INFO - Searching for files in /opt/airflow/dags
[2025-02-16T04:29:23.571+0000] {manager.py:824} INFO - There are 0 files in /opt/airflow/dags
[2025-02-16T04:34:23.720+0000] {manager.py:821} INFO - Searching for files in /opt/airflow/dags
[2025-02-16T04:34:23.727+0000] {manager.py:824} INFO - There are 0 files in /opt/airflow/dags
[2025-02-16T04:39:23.872+0000] {manager.py:821} INFO - Searching for files in /opt/airflow/dags
[2025-02-16T04:39:23.881+0000] {manager.py:824} INFO - There are 0 files in /opt/airflow/dags
[2025-02-16T04:44:24.021+0000] {manager.py:821} INFO - Searching for files in /opt/airflow/dags
[2025-02-16T04:44:24.027+0000] {manager.py:824} INFO - There are 0 files in /opt/airflow/dags
[2025-02-16T04:49:24.172+0000] {manager.py:821} INFO - Searching for files in /opt/airflow/dags
[2025-02-16T04:49:24.181+0000] {manager.py:824} INFO - There are 0 files in /opt/airflow/dags
[2025-02-16T04:54:24.378+0000] {manager.py:821} INFO - Searching for files in /opt/airflow/dags
[2025-02-16T04:54:24.387+0000] {manager.py:824} INFO - There are 0 files in /opt/airflow/dags
[2025-02-16T04:59:24.542+0000] {manager.py:821} INFO - Searching for files in /opt/airflow/dags
[2025-02-16T04:59:24.549+0000] {manager.py:824} INFO - There are 0 files in /opt/airflow/dags
[2025-02-16T05:04:24.769+0000] {manager.py:821} INFO - Searching for files in /opt/airflow/dags
[2025-02-16T05:04:24.777+0000] {manager.py:824} INFO - There are 0 files in /opt/airflow/dags
[2025-02-16T05:09:24.951+0000] {manager.py:821} INFO - Searching for files in /opt/airflow/dags
[2025-02-16T05:09:24.959+0000] {manager.py:824} INFO - There are 0 files in /opt/airflow/dags
[2025-02-16T05:14:25.172+0000] {manager.py:821} INFO - Searching for files in /opt/airflow/dags
[2025-02-16T05:14:25.180+0000] {manager.py:824} INFO - There are 0 files in /opt/airflow/dags
[2025-02-16T05:19:25.366+0000] {manager.py:821} INFO - Searching for files in /opt/airflow/dags
[2025-02-16T05:19:25.375+0000] {manager.py:824} INFO - There are 0 files in /opt/airflow/dags
[2025-02-16T05:24:25.559+0000] {manager.py:821} INFO - Searching for files in /opt/airflow/dags
[2025-02-16T05:24:25.567+0000] {manager.py:824} INFO - There are 0 files in /opt/airflow/dags
[2025-02-16T05:29:25.731+0000] {manager.py:821} INFO - Searching for files in /opt/airflow/dags
[2025-02-16T05:29:25.739+0000] {manager.py:824} INFO - There are 0 files in /opt/airflow/dags
[2025-02-16T05:34:25.935+0000] {manager.py:821} INFO - Searching for files in /opt/airflow/dags
[2025-02-16T05:34:25.945+0000] {manager.py:824} INFO - There are 0 files in /opt/airflow/dags
[2025-02-16T05:39:26.108+0000] {manager.py:821} INFO - Searching for files in /opt/airflow/dags
[2025-02-16T05:39:26.116+0000] {manager.py:824} INFO - There are 0 files in /opt/airflow/dags
[2025-02-16T05:44:26.344+0000] {manager.py:821} INFO - Searching for files in /opt/airflow/dags
[2025-02-16T05:44:26.354+0000] {manager.py:824} INFO - There are 0 files in /opt/airflow/dags
[2025-02-16T05:49:26.609+0000] {manager.py:821} INFO - Searching for files in /opt/airflow/dags
[2025-02-16T05:49:26.615+0000] {manager.py:824} INFO - There are 0 files in /opt/airflow/dags
[2025-02-16T05:54:26.850+0000] {manager.py:821} INFO - Searching for files in /opt/airflow/dags
[2025-02-16T05:54:26.859+0000] {manager.py:824} INFO - There are 0 files in /opt/airflow/dags
[2025-02-16T05:59:27.065+0000] {manager.py:821} INFO - Searching for files in /opt/airflow/dags
[2025-02-16T05:59:27.071+0000] {manager.py:824} INFO - There are 0 files in /opt/airflow/dags
[2025-02-16T06:04:27.271+0000] {manager.py:821} INFO - Searching for files in /opt/airflow/dags
[2025-02-16T06:04:27.280+0000] {manager.py:824} INFO - There are 0 files in /opt/airflow/dags
[2025-02-16T06:09:27.485+0000] {manager.py:821} INFO - Searching for files in /opt/airflow/dags
[2025-02-16T06:09:27.494+0000] {manager.py:824} INFO - There are 0 files in /opt/airflow/dags
[2025-02-16T06:29:49.081+0000] {manager.py:821} INFO - Searching for files in /opt/airflow/dags
[2025-02-16T06:29:52.982+0000] {manager.py:824} INFO - There are 0 files in /opt/airflow/dags
[2025-02-16T06:34:49.618+0000] {manager.py:821} INFO - Searching for files in /opt/airflow/dags
[2025-02-16T06:34:49.625+0000] {manager.py:824} INFO - There are 0 files in /opt/airflow/dags
[2025-02-16T06:39:49.775+0000] {manager.py:821} INFO - Searching for files in /opt/airflow/dags
[2025-02-16T06:39:49.784+0000] {manager.py:824} INFO - There are 0 files in /opt/airflow/dags
[2025-02-16T06:44:49.863+0000] {manager.py:821} INFO - Searching for files in /opt/airflow/dags
[2025-02-16T06:44:49.870+0000] {manager.py:824} INFO - There are 0 files in /opt/airflow/dags
[2025-02-16T06:49:49.956+0000] {manager.py:821} INFO - Searching for files in /opt/airflow/dags
[2025-02-16T06:49:49.961+0000] {manager.py:824} INFO - There are 0 files in /opt/airflow/dags
[2025-02-16T06:54:50.067+0000] {manager.py:821} INFO - Searching for files in /opt/airflow/dags
[2025-02-16T06:54:50.087+0000] {manager.py:824} INFO - There are 0 files in /opt/airflow/dags
[2025-02-16T06:59:50.358+0000] {manager.py:821} INFO - Searching for files in /opt/airflow/dags
[2025-02-16T06:59:50.365+0000] {manager.py:824} INFO - There are 0 files in /opt/airflow/dags
[2025-02-16T07:04:50.426+0000] {manager.py:821} INFO - Searching for files in /opt/airflow/dags
[2025-02-16T07:04:50.434+0000] {manager.py:824} INFO - There are 0 files in /opt/airflow/dags
[2025-02-16T07:09:50.567+0000] {manager.py:821} INFO - Searching for files in /opt/airflow/dags
[2025-02-16T07:09:50.575+0000] {manager.py:824} INFO - There are 0 files in /opt/airflow/dags
[2025-02-16T07:14:50.652+0000] {manager.py:821} INFO - Searching for files in /opt/airflow/dags
[2025-02-16T07:14:50.659+0000] {manager.py:824} INFO - There are 0 files in /opt/airflow/dags
[2025-02-16T07:19:50.769+0000] {manager.py:821} INFO - Searching for files in /opt/airflow/dags
[2025-02-16T07:19:50.777+0000] {manager.py:824} INFO - There are 0 files in /opt/airflow/dags
[2025-02-16T07:24:50.962+0000] {manager.py:821} INFO - Searching for files in /opt/airflow/dags
[2025-02-16T07:24:50.967+0000] {manager.py:824} INFO - There are 0 files in /opt/airflow/dags
[2025-02-16T07:29:51.118+0000] {manager.py:821} INFO - Searching for files in /opt/airflow/dags
[2025-02-16T07:29:51.127+0000] {manager.py:824} INFO - There are 0 files in /opt/airflow/dags
[2025-02-16T07:34:51.249+0000] {manager.py:821} INFO - Searching for files in /opt/airflow/dags
[2025-02-16T07:34:51.257+0000] {manager.py:824} INFO - There are 0 files in /opt/airflow/dags
[2025-02-16T07:39:51.512+0000] {manager.py:821} INFO - Searching for files in /opt/airflow/dags
[2025-02-16T07:39:51.520+0000] {manager.py:824} INFO - There are 0 files in /opt/airflow/dags
[2025-02-16T07:44:51.633+0000] {manager.py:821} INFO - Searching for files in /opt/airflow/dags
[2025-02-16T07:44:51.637+0000] {manager.py:824} INFO - There are 0 files in /opt/airflow/dags
[2025-02-16T07:49:51.788+0000] {manager.py:821} INFO - Searching for files in /opt/airflow/dags
[2025-02-16T07:49:51.793+0000] {manager.py:824} INFO - There are 0 files in /opt/airflow/dags
[2025-02-16T07:54:51.918+0000] {manager.py:821} INFO - Searching for files in /opt/airflow/dags
[2025-02-16T07:54:51.923+0000] {manager.py:824} INFO - There are 0 files in /opt/airflow/dags
[2025-02-16T07:59:52.051+0000] {manager.py:821} INFO - Searching for files in /opt/airflow/dags
[2025-02-16T07:59:52.058+0000] {manager.py:824} INFO - There are 0 files in /opt/airflow/dags
[2025-02-16T08:04:52.265+0000] {manager.py:821} INFO - Searching for files in /opt/airflow/dags
[2025-02-16T08:04:52.271+0000] {manager.py:824} INFO - There are 0 files in /opt/airflow/dags
[2025-02-16T08:09:52.435+0000] {manager.py:821} INFO - Searching for files in /opt/airflow/dags
[2025-02-16T08:09:52.442+0000] {manager.py:824} INFO - There are 0 files in /opt/airflow/dags
[2025-02-16T08:14:52.581+0000] {manager.py:821} INFO - Searching for files in /opt/airflow/dags
[2025-02-16T08:14:52.587+0000] {manager.py:824} INFO - There are 0 files in /opt/airflow/dags
[2025-02-16T08:19:52.767+0000] {manager.py:821} INFO - Searching for files in /opt/airflow/dags
[2025-02-16T08:19:52.774+0000] {manager.py:824} INFO - There are 0 files in /opt/airflow/dags
[2025-02-16T08:24:53.016+0000] {manager.py:821} INFO - Searching for files in /opt/airflow/dags
[2025-02-16T08:24:53.023+0000] {manager.py:824} INFO - There are 0 files in /opt/airflow/dags
[2025-02-16T08:29:53.131+0000] {manager.py:821} INFO - Searching for files in /opt/airflow/dags
[2025-02-16T08:29:53.138+0000] {manager.py:824} INFO - There are 0 files in /opt/airflow/dags
[2025-02-16T08:34:53.297+0000] {manager.py:821} INFO - Searching for files in /opt/airflow/dags
[2025-02-16T08:34:53.303+0000] {manager.py:824} INFO - There are 0 files in /opt/airflow/dags
[2025-02-16T08:39:53.447+0000] {manager.py:821} INFO - Searching for files in /opt/airflow/dags
[2025-02-16T08:39:53.457+0000] {manager.py:824} INFO - There are 0 files in /opt/airflow/dags
[2025-02-16T08:44:53.545+0000] {manager.py:821} INFO - Searching for files in /opt/airflow/dags
[2025-02-16T08:44:53.554+0000] {manager.py:824} INFO - There are 0 files in /opt/airflow/dags
[2025-02-16T08:49:53.653+0000] {manager.py:821} INFO - Searching for files in /opt/airflow/dags
[2025-02-16T08:49:53.657+0000] {manager.py:824} INFO - There are 0 files in /opt/airflow/dags
[2025-02-16T08:54:53.772+0000] {manager.py:821} INFO - Searching for files in /opt/airflow/dags
[2025-02-16T08:54:53.779+0000] {manager.py:824} INFO - There are 0 files in /opt/airflow/dags
[2025-02-16T08:59:53.945+0000] {manager.py:821} INFO - Searching for files in /opt/airflow/dags
[2025-02-16T08:59:53.955+0000] {manager.py:824} INFO - There are 0 files in /opt/airflow/dags
[2025-02-16T09:04:54.063+0000] {manager.py:821} INFO - Searching for files in /opt/airflow/dags
[2025-02-16T09:04:54.068+0000] {manager.py:824} INFO - There are 0 files in /opt/airflow/dags
[2025-02-16T09:09:54.160+0000] {manager.py:821} INFO - Searching for files in /opt/airflow/dags
[2025-02-16T09:09:54.167+0000] {manager.py:824} INFO - There are 0 files in /opt/airflow/dags
[2025-02-16T09:14:54.246+0000] {manager.py:821} INFO - Searching for files in /opt/airflow/dags
[2025-02-16T09:14:54.250+0000] {manager.py:824} INFO - There are 0 files in /opt/airflow/dags
[2025-02-16T09:19:54.331+0000] {manager.py:821} INFO - Searching for files in /opt/airflow/dags
[2025-02-16T09:19:54.339+0000] {manager.py:824} INFO - There are 0 files in /opt/airflow/dags
[2025-02-16T09:24:54.430+0000] {manager.py:821} INFO - Searching for files in /opt/airflow/dags
[2025-02-16T09:24:54.435+0000] {manager.py:824} INFO - There are 0 files in /opt/airflow/dags
[2025-02-16T09:29:54.517+0000] {manager.py:821} INFO - Searching for files in /opt/airflow/dags
[2025-02-16T09:29:54.524+0000] {manager.py:824} INFO - There are 0 files in /opt/airflow/dags
[2025-02-16T09:34:54.678+0000] {manager.py:821} INFO - Searching for files in /opt/airflow/dags
[2025-02-16T09:34:54.683+0000] {manager.py:824} INFO - There are 0 files in /opt/airflow/dags
[2025-02-16T09:39:54.777+0000] {manager.py:821} INFO - Searching for files in /opt/airflow/dags
[2025-02-16T09:39:54.784+0000] {manager.py:824} INFO - There are 0 files in /opt/airflow/dags
[2025-02-16T09:44:54.855+0000] {manager.py:821} INFO - Searching for files in /opt/airflow/dags
[2025-02-16T09:44:54.862+0000] {manager.py:824} INFO - There are 0 files in /opt/airflow/dags
[2025-02-16T09:49:54.976+0000] {manager.py:821} INFO - Searching for files in /opt/airflow/dags
[2025-02-16T09:49:54.983+0000] {manager.py:824} INFO - There are 0 files in /opt/airflow/dags
[2025-02-16T09:54:55.076+0000] {manager.py:821} INFO - Searching for files in /opt/airflow/dags
[2025-02-16T09:54:55.082+0000] {manager.py:824} INFO - There are 0 files in /opt/airflow/dags
[2025-02-16T09:59:55.182+0000] {manager.py:821} INFO - Searching for files in /opt/airflow/dags
[2025-02-16T09:59:55.191+0000] {manager.py:824} INFO - There are 0 files in /opt/airflow/dags
[2025-02-16T10:04:55.424+0000] {manager.py:821} INFO - Searching for files in /opt/airflow/dags
[2025-02-16T10:04:55.433+0000] {manager.py:824} INFO - There are 0 files in /opt/airflow/dags
[2025-02-16T10:09:55.907+0000] {manager.py:821} INFO - Searching for files in /opt/airflow/dags
[2025-02-16T10:09:55.920+0000] {manager.py:824} INFO - There are 0 files in /opt/airflow/dags
[2025-02-16T10:14:56.460+0000] {manager.py:821} INFO - Searching for files in /opt/airflow/dags
[2025-02-16T10:14:56.466+0000] {manager.py:824} INFO - There are 0 files in /opt/airflow/dags
[2025-02-16T10:19:56.857+0000] {manager.py:821} INFO - Searching for files in /opt/airflow/dags
[2025-02-16T10:19:56.868+0000] {manager.py:824} INFO - There are 0 files in /opt/airflow/dags
[2025-02-16T10:24:57.201+0000] {manager.py:821} INFO - Searching for files in /opt/airflow/dags
[2025-02-16T10:24:57.207+0000] {manager.py:824} INFO - There are 0 files in /opt/airflow/dags
[2025-02-16T10:29:57.734+0000] {manager.py:821} INFO - Searching for files in /opt/airflow/dags
[2025-02-16T10:29:57.740+0000] {manager.py:824} INFO - There are 0 files in /opt/airflow/dags
[2025-02-16T10:34:58.417+0000] {manager.py:821} INFO - Searching for files in /opt/airflow/dags
[2025-02-16T10:34:58.424+0000] {manager.py:824} INFO - There are 0 files in /opt/airflow/dags
[2025-02-16T10:39:58.790+0000] {manager.py:821} INFO - Searching for files in /opt/airflow/dags
[2025-02-16T10:39:58.795+0000] {manager.py:824} INFO - There are 0 files in /opt/airflow/dags
[2025-02-16T10:44:59.126+0000] {manager.py:821} INFO - Searching for files in /opt/airflow/dags
[2025-02-16T10:44:59.139+0000] {manager.py:824} INFO - There are 0 files in /opt/airflow/dags
[2025-02-16T10:49:59.463+0000] {manager.py:821} INFO - Searching for files in /opt/airflow/dags
[2025-02-16T10:49:59.478+0000] {manager.py:824} INFO - There are 0 files in /opt/airflow/dags
[2025-02-16T10:54:59.920+0000] {manager.py:821} INFO - Searching for files in /opt/airflow/dags
[2025-02-16T10:54:59.929+0000] {manager.py:824} INFO - There are 0 files in /opt/airflow/dags
[2025-02-16T11:00:00.288+0000] {manager.py:821} INFO - Searching for files in /opt/airflow/dags
[2025-02-16T11:00:00.295+0000] {manager.py:824} INFO - There are 0 files in /opt/airflow/dags
[2025-02-16T11:05:00.703+0000] {manager.py:821} INFO - Searching for files in /opt/airflow/dags
[2025-02-16T11:05:00.708+0000] {manager.py:824} INFO - There are 0 files in /opt/airflow/dags
[2025-02-16T11:10:01.114+0000] {manager.py:821} INFO - Searching for files in /opt/airflow/dags
[2025-02-16T11:10:01.123+0000] {manager.py:824} INFO - There are 0 files in /opt/airflow/dags
[2025-02-16T11:15:01.490+0000] {manager.py:821} INFO - Searching for files in /opt/airflow/dags
[2025-02-16T11:15:01.497+0000] {manager.py:824} INFO - There are 0 files in /opt/airflow/dags
[2025-02-16T11:20:01.888+0000] {manager.py:821} INFO - Searching for files in /opt/airflow/dags
[2025-02-16T11:20:01.894+0000] {manager.py:824} INFO - There are 0 files in /opt/airflow/dags
[2025-02-16T11:25:02.395+0000] {manager.py:821} INFO - Searching for files in /opt/airflow/dags
[2025-02-16T11:25:02.403+0000] {manager.py:824} INFO - There are 0 files in /opt/airflow/dags
[2025-02-16T11:30:02.850+0000] {manager.py:821} INFO - Searching for files in /opt/airflow/dags
[2025-02-16T11:30:02.860+0000] {manager.py:824} INFO - There are 0 files in /opt/airflow/dags
[2025-02-16T11:35:03.363+0000] {manager.py:821} INFO - Searching for files in /opt/airflow/dags
[2025-02-16T11:35:03.370+0000] {manager.py:824} INFO - There are 0 files in /opt/airflow/dags
[2025-02-16T11:40:03.704+0000] {manager.py:821} INFO - Searching for files in /opt/airflow/dags
[2025-02-16T11:40:03.712+0000] {manager.py:824} INFO - There are 0 files in /opt/airflow/dags
[2025-02-16T11:45:04.066+0000] {manager.py:821} INFO - Searching for files in /opt/airflow/dags
[2025-02-16T11:45:04.078+0000] {manager.py:824} INFO - There are 0 files in /opt/airflow/dags
[2025-02-16T11:50:04.610+0000] {manager.py:821} INFO - Searching for files in /opt/airflow/dags
[2025-02-16T11:50:04.621+0000] {manager.py:824} INFO - There are 0 files in /opt/airflow/dags
[2025-02-16T11:55:04.966+0000] {manager.py:821} INFO - Searching for files in /opt/airflow/dags
[2025-02-16T11:55:04.977+0000] {manager.py:824} INFO - There are 0 files in /opt/airflow/dags
[2025-02-16T12:00:05.517+0000] {manager.py:821} INFO - Searching for files in /opt/airflow/dags
[2025-02-16T12:00:05.528+0000] {manager.py:824} INFO - There are 0 files in /opt/airflow/dags
[2025-02-16T12:05:06.005+0000] {manager.py:821} INFO - Searching for files in /opt/airflow/dags
[2025-02-16T12:05:06.012+0000] {manager.py:824} INFO - There are 0 files in /opt/airflow/dags
[2025-02-16T12:10:06.321+0000] {manager.py:821} INFO - Searching for files in /opt/airflow/dags
[2025-02-16T12:10:06.329+0000] {manager.py:824} INFO - There are 0 files in /opt/airflow/dags
[2025-02-16T12:15:06.835+0000] {manager.py:821} INFO - Searching for files in /opt/airflow/dags
[2025-02-16T12:15:06.843+0000] {manager.py:824} INFO - There are 0 files in /opt/airflow/dags
[2025-02-16T12:20:07.532+0000] {manager.py:821} INFO - Searching for files in /opt/airflow/dags
[2025-02-16T12:20:07.538+0000] {manager.py:824} INFO - There are 0 files in /opt/airflow/dags
[2025-02-16T12:25:08.071+0000] {manager.py:821} INFO - Searching for files in /opt/airflow/dags
[2025-02-16T12:25:08.080+0000] {manager.py:824} INFO - There are 0 files in /opt/airflow/dags
[2025-02-16T12:30:08.464+0000] {manager.py:821} INFO - Searching for files in /opt/airflow/dags
[2025-02-16T12:30:08.473+0000] {manager.py:824} INFO - There are 0 files in /opt/airflow/dags
[2025-02-16T12:35:08.743+0000] {manager.py:821} INFO - Searching for files in /opt/airflow/dags
[2025-02-16T12:35:08.748+0000] {manager.py:824} INFO - There are 0 files in /opt/airflow/dags
[2025-02-16T12:40:08.806+0000] {manager.py:821} INFO - Searching for files in /opt/airflow/dags
[2025-02-16T12:40:08.814+0000] {manager.py:824} INFO - There are 0 files in /opt/airflow/dags
[2025-02-16T12:45:09.134+0000] {manager.py:821} INFO - Searching for files in /opt/airflow/dags
[2025-02-16T12:45:09.145+0000] {manager.py:824} INFO - There are 0 files in /opt/airflow/dags
[2025-02-16T12:50:09.461+0000] {manager.py:821} INFO - Searching for files in /opt/airflow/dags
[2025-02-16T12:50:09.466+0000] {manager.py:824} INFO - There are 0 files in /opt/airflow/dags
[2025-02-16T12:55:09.751+0000] {manager.py:821} INFO - Searching for files in /opt/airflow/dags
[2025-02-16T12:55:09.761+0000] {manager.py:824} INFO - There are 0 files in /opt/airflow/dags
[2025-02-16T13:00:10.139+0000] {manager.py:821} INFO - Searching for files in /opt/airflow/dags
[2025-02-16T13:00:10.146+0000] {manager.py:824} INFO - There are 0 files in /opt/airflow/dags
[2025-02-16T13:05:10.444+0000] {manager.py:821} INFO - Searching for files in /opt/airflow/dags
[2025-02-16T13:05:10.451+0000] {manager.py:824} INFO - There are 0 files in /opt/airflow/dags
[2025-02-16T13:10:10.740+0000] {manager.py:821} INFO - Searching for files in /opt/airflow/dags
[2025-02-16T13:10:10.746+0000] {manager.py:824} INFO - There are 0 files in /opt/airflow/dags
[2025-02-16T13:15:11.194+0000] {manager.py:821} INFO - Searching for files in /opt/airflow/dags
[2025-02-16T13:15:11.199+0000] {manager.py:824} INFO - There are 0 files in /opt/airflow/dags
[2025-02-16T13:20:11.633+0000] {manager.py:821} INFO - Searching for files in /opt/airflow/dags
[2025-02-16T13:20:11.639+0000] {manager.py:824} INFO - There are 0 files in /opt/airflow/dags
[2025-02-16T13:25:12.002+0000] {manager.py:821} INFO - Searching for files in /opt/airflow/dags
[2025-02-16T13:25:12.008+0000] {manager.py:824} INFO - There are 0 files in /opt/airflow/dags
[2025-02-16T13:30:12.356+0000] {manager.py:821} INFO - Searching for files in /opt/airflow/dags
[2025-02-16T13:30:12.362+0000] {manager.py:824} INFO - There are 0 files in /opt/airflow/dags
[2025-02-16T13:35:12.683+0000] {manager.py:821} INFO - Searching for files in /opt/airflow/dags
[2025-02-16T13:35:12.691+0000] {manager.py:824} INFO - There are 0 files in /opt/airflow/dags
[2025-02-16T14:17:10.723+0000] {manager.py:821} INFO - Searching for files in /opt/airflow/dags
[2025-02-16T14:17:11.190+0000] {manager.py:824} INFO - There are 0 files in /opt/airflow/dags
[2025-02-16T14:22:11.551+0000] {manager.py:821} INFO - Searching for files in /opt/airflow/dags
[2025-02-16T14:22:11.557+0000] {manager.py:824} INFO - There are 0 files in /opt/airflow/dags
[2025-02-16T14:27:11.980+0000] {manager.py:821} INFO - Searching for files in /opt/airflow/dags
[2025-02-16T14:27:11.986+0000] {manager.py:824} INFO - There are 0 files in /opt/airflow/dags
[2025-02-16T14:32:12.431+0000] {manager.py:821} INFO - Searching for files in /opt/airflow/dags
[2025-02-16T14:32:12.442+0000] {manager.py:824} INFO - There are 0 files in /opt/airflow/dags
[2025-02-16T14:37:12.976+0000] {manager.py:821} INFO - Searching for files in /opt/airflow/dags
[2025-02-16T14:37:12.983+0000] {manager.py:824} INFO - There are 0 files in /opt/airflow/dags
[2025-02-16T14:42:13.278+0000] {manager.py:821} INFO - Searching for files in /opt/airflow/dags
[2025-02-16T14:42:13.287+0000] {manager.py:824} INFO - There are 0 files in /opt/airflow/dags
[2025-02-16T14:47:13.593+0000] {manager.py:821} INFO - Searching for files in /opt/airflow/dags
[2025-02-16T14:47:13.603+0000] {manager.py:824} INFO - There are 0 files in /opt/airflow/dags
[2025-02-16T14:52:13.937+0000] {manager.py:821} INFO - Searching for files in /opt/airflow/dags
[2025-02-16T14:52:13.945+0000] {manager.py:824} INFO - There are 0 files in /opt/airflow/dags
[2025-02-16T14:57:14.357+0000] {manager.py:821} INFO - Searching for files in /opt/airflow/dags
[2025-02-16T14:57:14.367+0000] {manager.py:824} INFO - There are 0 files in /opt/airflow/dags
[2025-02-16T15:02:14.778+0000] {manager.py:821} INFO - Searching for files in /opt/airflow/dags
[2025-02-16T15:02:14.784+0000] {manager.py:824} INFO - There are 0 files in /opt/airflow/dags
[2025-02-16T15:07:15.047+0000] {manager.py:821} INFO - Searching for files in /opt/airflow/dags
[2025-02-16T15:07:15.058+0000] {manager.py:824} INFO - There are 0 files in /opt/airflow/dags
[2025-02-16T15:12:15.324+0000] {manager.py:821} INFO - Searching for files in /opt/airflow/dags
[2025-02-16T15:12:15.334+0000] {manager.py:824} INFO - There are 0 files in /opt/airflow/dags
[2025-02-16T15:17:15.633+0000] {manager.py:821} INFO - Searching for files in /opt/airflow/dags
[2025-02-16T15:17:15.642+0000] {manager.py:824} INFO - There are 0 files in /opt/airflow/dags
[2025-02-16T15:22:37.106+0000] {manager.py:821} INFO - Searching for files in /opt/airflow/dags
[2025-02-16T15:22:37.127+0000] {manager.py:824} INFO - There are 0 files in /opt/airflow/dags
[2025-02-16T15:27:37.494+0000] {manager.py:821} INFO - Searching for files in /opt/airflow/dags
[2025-02-16T15:27:37.513+0000] {manager.py:824} INFO - There are 0 files in /opt/airflow/dags
[2025-02-16T15:32:37.824+0000] {manager.py:821} INFO - Searching for files in /opt/airflow/dags
[2025-02-16T15:32:37.831+0000] {manager.py:824} INFO - There are 0 files in /opt/airflow/dags
[2025-02-16T15:37:38.138+0000] {manager.py:821} INFO - Searching for files in /opt/airflow/dags
[2025-02-16T15:37:38.156+0000] {manager.py:824} INFO - There are 0 files in /opt/airflow/dags
[2025-02-16T15:42:38.433+0000] {manager.py:821} INFO - Searching for files in /opt/airflow/dags
[2025-02-16T15:42:38.441+0000] {manager.py:824} INFO - There are 0 files in /opt/airflow/dags
[2025-02-16T15:47:38.745+0000] {manager.py:821} INFO - Searching for files in /opt/airflow/dags
[2025-02-16T15:47:38.754+0000] {manager.py:824} INFO - There are 0 files in /opt/airflow/dags
[2025-02-16T15:52:39.075+0000] {manager.py:821} INFO - Searching for files in /opt/airflow/dags
[2025-02-16T15:52:39.085+0000] {manager.py:824} INFO - There are 0 files in /opt/airflow/dags
[2025-02-16T15:57:39.426+0000] {manager.py:821} INFO - Searching for files in /opt/airflow/dags
[2025-02-16T15:57:39.435+0000] {manager.py:824} INFO - There are 0 files in /opt/airflow/dags
[2025-02-16T16:02:39.740+0000] {manager.py:821} INFO - Searching for files in /opt/airflow/dags
[2025-02-16T16:02:39.748+0000] {manager.py:824} INFO - There are 0 files in /opt/airflow/dags
[2025-02-16T16:07:40.088+0000] {manager.py:821} INFO - Searching for files in /opt/airflow/dags
[2025-02-16T16:07:40.094+0000] {manager.py:824} INFO - There are 0 files in /opt/airflow/dags
[2025-02-16T16:12:40.175+0000] {manager.py:821} INFO - Searching for files in /opt/airflow/dags
[2025-02-16T16:12:40.180+0000] {manager.py:824} INFO - There are 0 files in /opt/airflow/dags
[2025-02-16T16:17:40.486+0000] {manager.py:821} INFO - Searching for files in /opt/airflow/dags
[2025-02-16T16:17:40.494+0000] {manager.py:824} INFO - There are 0 files in /opt/airflow/dags
[2025-02-16T16:20:00.093+0000] {manager.py:465} INFO - Exiting gracefully upon receiving signal 15
[2025-02-16T17:36:00.279+0000] {manager.py:483} INFO - Processing files using up to 2 processes at a time 
[2025-02-16T17:36:00.281+0000] {manager.py:484} INFO - Process each file at most once every 30 seconds
[2025-02-16T17:36:00.282+0000] {manager.py:485} INFO - Checking for new files in /opt/airflow/dags every 300 seconds
[2025-02-16T17:36:00.283+0000] {manager.py:821} INFO - Searching for files in /opt/airflow/dags
[2025-02-16T17:36:00.289+0000] {manager.py:824} INFO - There are 0 files in /opt/airflow/dags
[2025-02-16T17:41:00.766+0000] {manager.py:821} INFO - Searching for files in /opt/airflow/dags
[2025-02-16T17:41:00.774+0000] {manager.py:824} INFO - There are 0 files in /opt/airflow/dags
[2025-02-16T17:46:01.593+0000] {manager.py:821} INFO - Searching for files in /opt/airflow/dags
[2025-02-16T17:46:01.603+0000] {manager.py:824} INFO - There are 0 files in /opt/airflow/dags
[2025-02-16T17:51:02.089+0000] {manager.py:821} INFO - Searching for files in /opt/airflow/dags
[2025-02-16T17:51:02.096+0000] {manager.py:824} INFO - There are 0 files in /opt/airflow/dags
[2025-02-16T17:52:23.065+0000] {manager.py:465} INFO - Exiting gracefully upon receiving signal 15
[2025-02-16T17:54:02.282+0000] {manager.py:483} INFO - Processing files using up to 2 processes at a time 
[2025-02-16T17:54:02.284+0000] {manager.py:484} INFO - Process each file at most once every 30 seconds
[2025-02-16T17:54:02.285+0000] {manager.py:485} INFO - Checking for new files in /opt/airflow/dags every 300 seconds
[2025-02-16T17:54:02.286+0000] {manager.py:821} INFO - Searching for files in /opt/airflow/dags
[2025-02-16T17:54:02.294+0000] {manager.py:824} INFO - There are 0 files in /opt/airflow/dags
[2025-02-16T17:59:02.764+0000] {manager.py:821} INFO - Searching for files in /opt/airflow/dags
[2025-02-16T17:59:02.771+0000] {manager.py:824} INFO - There are 0 files in /opt/airflow/dags
[2025-02-16T18:04:03.143+0000] {manager.py:821} INFO - Searching for files in /opt/airflow/dags
[2025-02-16T18:04:03.155+0000] {manager.py:824} INFO - There are 0 files in /opt/airflow/dags
